<?xml version="1.0" encoding="UTF-8"?>
<!-- Generated by org.testng.reporters.JUnitXMLReporter -->
<testsuite ignored="0" hostname="UIDeveloper" failures="1" tests="1" name="EdgeTest" time="38.686" errors="0" timestamp="2022-05-11T16:44:58 IST">
  <testcase classname="demo.Multi" name="Userslmc" time="33.419">
    <failure type="org.openqa.selenium.ElementClickInterceptedException" message="element click intercepted: Element &amp;lt;button _ngcontent-mpc-c70=&amp;quot;&amp;quot; type=&amp;quot;submit&amp;quot; class=&amp;quot;btn btn-main&amp;quot;&amp;gt;...&amp;lt;/button&amp;gt; is not clickable at point (701, 694). Other element would receive the click: &amp;lt;div _ngcontent-mpc-c39=&amp;quot;&amp;quot; class=&amp;quot;ngx-spinner-overlay ng-tns-c39-0 ng-trigger ng-trigger-fadeIn ng-star-inserted ng-animating&amp;quot; style=&amp;quot;background-color: rgba(0, 0, 0, 0.8); z-index: 99999; position: fixed;&amp;quot;&amp;gt;...&amp;lt;/div&amp;gt;
  (Session info: MicrosoftEdge=101.0.1210.39)
Build info: version: &amp;apos;4.1.3&amp;apos;, revision: &amp;apos;7b1ebf28ef&amp;apos;
System info: host: &amp;apos;UIDEVELOPER&amp;apos;, ip: &amp;apos;192.168.1.94&amp;apos;, os.name: &amp;apos;Windows 10&amp;apos;, os.arch: &amp;apos;amd64&amp;apos;, os.version: &amp;apos;10.0&amp;apos;, java.version: &amp;apos;17.0.2&amp;apos;
Driver info: org.openqa.selenium.edge.EdgeDriver
Command: [88e0f210667db661cc964dd50fafca92, clickElement {id=d5a5b8f1-0e75-4571-8c97-1cb67c136937}]
Capabilities {acceptInsecureCerts: false, browserName: msedge, browserVersion: 101.0.1210.39, javascriptEnabled: true, ms:edgeOptions: {debuggerAddress: localhost:58863}, msedge: {msedgedriverVersion: 100.0.1154.0 (56beb5bffefef..., userDataDir: C:\Users\niting\AppData\Loc...}, networkConnectionEnabled: false, pageLoadStrategy: normal, platform: WINDOWS, platformName: WINDOWS, proxy: Proxy(), se:cdp: ws://localhost:58863/devtoo..., se:cdpVersion: 101.0.1210.39, setWindowRect: true, strictFileInteractability: false, timeouts: {implicit: 0, pageLoad: 300000, script: 30000}, unhandledPromptBehavior: dismiss and notify, webauthn:extension:credBlob: true, webauthn:extension:largeBlob: true, webauthn:virtualAuthenticators: true}
Element: [[EdgeDriver: msedge on WINDOWS (88e0f210667db661cc964dd50fafca92)] -&amp;gt; xpath: //*[@id=&amp;quot;content&amp;quot;]/app-user-register/div[1]/div/div/div/div[1]/form/div/div/div[2]/button[2]]
Session ID: 88e0f210667db661cc964dd50fafca92">
      <![CDATA[org.openqa.selenium.ElementClickInterceptedException: element click intercepted: Element <button _ngcontent-mpc-c70="" type="submit" class="btn btn-main">...</button> is not clickable at point (701, 694). Other element would receive the click: <div _ngcontent-mpc-c39="" class="ngx-spinner-overlay ng-tns-c39-0 ng-trigger ng-trigger-fadeIn ng-star-inserted ng-animating" style="background-color: rgba(0, 0, 0, 0.8); z-index: 99999; position: fixed;">...</div>
  (Session info: MicrosoftEdge=101.0.1210.39)
Build info: version: '4.1.3', revision: '7b1ebf28ef'
System info: host: 'UIDEVELOPER', ip: '192.168.1.94', os.name: 'Windows 10', os.arch: 'amd64', os.version: '10.0', java.version: '17.0.2'
Driver info: org.openqa.selenium.edge.EdgeDriver
Command: [88e0f210667db661cc964dd50fafca92, clickElement {id=d5a5b8f1-0e75-4571-8c97-1cb67c136937}]
Capabilities {acceptInsecureCerts: false, browserName: msedge, browserVersion: 101.0.1210.39, javascriptEnabled: true, ms:edgeOptions: {debuggerAddress: localhost:58863}, msedge: {msedgedriverVersion: 100.0.1154.0 (56beb5bffefef..., userDataDir: C:\Users\niting\AppData\Loc...}, networkConnectionEnabled: false, pageLoadStrategy: normal, platform: WINDOWS, platformName: WINDOWS, proxy: Proxy(), se:cdp: ws://localhost:58863/devtoo..., se:cdpVersion: 101.0.1210.39, setWindowRect: true, strictFileInteractability: false, timeouts: {implicit: 0, pageLoad: 300000, script: 30000}, unhandledPromptBehavior: dismiss and notify, webauthn:extension:credBlob: true, webauthn:extension:largeBlob: true, webauthn:virtualAuthenticators: true}
Element: [[EdgeDriver: msedge on WINDOWS (88e0f210667db661cc964dd50fafca92)] -> xpath: //*[@id="content"]/app-user-register/div[1]/div/div/div/div[1]/form/div/div/div[2]/button[2]]
Session ID: 88e0f210667db661cc964dd50fafca92
at org.openqa.selenium.remote.codec.w3c.W3CHttpResponseCodec.createException(W3CHttpResponseCodec.java:200)
at org.openqa.selenium.remote.codec.w3c.W3CHttpResponseCodec.decode(W3CHttpResponseCodec.java:133)
at org.openqa.selenium.remote.codec.w3c.W3CHttpResponseCodec.decode(W3CHttpResponseCodec.java:53)
at org.openqa.selenium.remote.HttpCommandExecutor.execute(HttpCommandExecutor.java:184)
at org.openqa.selenium.remote.service.DriverCommandExecutor.invokeExecute(DriverCommandExecutor.java:167)
at org.openqa.selenium.remote.service.DriverCommandExecutor.execute(DriverCommandExecutor.java:142)
at org.openqa.selenium.remote.RemoteWebDriver.execute(RemoteWebDriver.java:567)
at org.openqa.selenium.remote.RemoteWebElement.execute(RemoteWebElement.java:251)
at org.openqa.selenium.remote.RemoteWebElement.click(RemoteWebElement.java:77)
at demo.Multi.Userslmc(Multi.java:88)
at java.base/java.util.ArrayList.forEach(ArrayList.java:1511)
at java.base/java.util.concurrent.FutureTask.run(FutureTask.java:264)
at java.base/java.util.concurrent.ThreadPoolExecutor.runWorker(ThreadPoolExecutor.java:1136)
at java.base/java.util.concurrent.ThreadPoolExecutor$Worker.run(ThreadPoolExecutor.java:635)
at java.base/java.lang.Thread.run(Thread.java:833)
... Removed 23 stack frames]]>
    </failure>
  </testcase> <!-- Userslmc -->
</testsuite> <!-- EdgeTest -->
