<?xml version="1.0" encoding="UTF-8"?>
<!-- Generated by org.testng.reporters.JUnitXMLReporter -->
<testsuite ignored="0" hostname="UIDeveloper" failures="1" tests="1" name="FirefoxTest" time="24.695" errors="0" timestamp="2022-05-11T16:44:44 IST">
  <testcase classname="demo.Multi" name="Userslmc" time="12.003">
    <failure type="org.openqa.selenium.ElementClickInterceptedException" message="Element &amp;lt;button class=&amp;quot;accordion-button collapsed&amp;quot; type=&amp;quot;button&amp;quot;&amp;gt; is not clickable at point (132,216) because another element &amp;lt;div class=&amp;quot;ngx-spinner-overlay ng-tns-c39-0 ng-trigger ng-trigger-fadeIn ng-star-inserted&amp;quot;&amp;gt; obscures it
Build info: version: &amp;apos;4.1.3&amp;apos;, revision: &amp;apos;7b1ebf28ef&amp;apos;
System info: host: &amp;apos;UIDEVELOPER&amp;apos;, ip: &amp;apos;192.168.1.94&amp;apos;, os.name: &amp;apos;Windows 10&amp;apos;, os.arch: &amp;apos;amd64&amp;apos;, os.version: &amp;apos;10.0&amp;apos;, java.version: &amp;apos;17.0.2&amp;apos;
Driver info: org.openqa.selenium.firefox.FirefoxDriver
Command: [16bacfe3-2fff-40a1-8c29-634325d9175d, clickElement {id=520569c0-c672-4517-8866-db0a2f84e296}]
Capabilities {acceptInsecureCerts: true, browserName: firefox, browserVersion: 97.0.1, javascriptEnabled: true, moz:accessibilityChecks: false, moz:buildID: 20220216172458, moz:debuggerAddress: localhost:52911, moz:geckodriverVersion: 0.31.0, moz:headless: false, moz:processID: 18748, moz:profile: C:\Users\niting\AppData\Loc..., moz:shutdownTimeout: 60000, moz:useNonSpecCompliantPointerOrigin: false, moz:webdriverClick: true, pageLoadStrategy: normal, platform: WINDOWS, platformName: WINDOWS, platformVersion: 10.0, proxy: Proxy(), se:cdp: ws://localhost:52911/devtoo..., se:cdpVersion: 85.0, setWindowRect: true, strictFileInteractability: false, timeouts: {implicit: 0, pageLoad: 300000, script: 30000}, unhandledPromptBehavior: dismiss and notify}
Element: [[FirefoxDriver: firefox on WINDOWS (16bacfe3-2fff-40a1-8c29-634325d9175d)] -&amp;gt; xpath: /html/body/app-root/app-layout/div/app-sidebar/nav/app-admin-menu/div/div[2]/h2/button]
Session ID: 16bacfe3-2fff-40a1-8c29-634325d9175d">
      <![CDATA[org.openqa.selenium.ElementClickInterceptedException: Element <button class="accordion-button collapsed" type="button"> is not clickable at point (132,216) because another element <div class="ngx-spinner-overlay ng-tns-c39-0 ng-trigger ng-trigger-fadeIn ng-star-inserted"> obscures it
Build info: version: '4.1.3', revision: '7b1ebf28ef'
System info: host: 'UIDEVELOPER', ip: '192.168.1.94', os.name: 'Windows 10', os.arch: 'amd64', os.version: '10.0', java.version: '17.0.2'
Driver info: org.openqa.selenium.firefox.FirefoxDriver
Command: [16bacfe3-2fff-40a1-8c29-634325d9175d, clickElement {id=520569c0-c672-4517-8866-db0a2f84e296}]
Capabilities {acceptInsecureCerts: true, browserName: firefox, browserVersion: 97.0.1, javascriptEnabled: true, moz:accessibilityChecks: false, moz:buildID: 20220216172458, moz:debuggerAddress: localhost:52911, moz:geckodriverVersion: 0.31.0, moz:headless: false, moz:processID: 18748, moz:profile: C:\Users\niting\AppData\Loc..., moz:shutdownTimeout: 60000, moz:useNonSpecCompliantPointerOrigin: false, moz:webdriverClick: true, pageLoadStrategy: normal, platform: WINDOWS, platformName: WINDOWS, platformVersion: 10.0, proxy: Proxy(), se:cdp: ws://localhost:52911/devtoo..., se:cdpVersion: 85.0, setWindowRect: true, strictFileInteractability: false, timeouts: {implicit: 0, pageLoad: 300000, script: 30000}, unhandledPromptBehavior: dismiss and notify}
Element: [[FirefoxDriver: firefox on WINDOWS (16bacfe3-2fff-40a1-8c29-634325d9175d)] -> xpath: /html/body/app-root/app-layout/div/app-sidebar/nav/app-admin-menu/div/div[2]/h2/button]
Session ID: 16bacfe3-2fff-40a1-8c29-634325d9175d
at org.openqa.selenium.remote.codec.w3c.W3CHttpResponseCodec.createException(W3CHttpResponseCodec.java:200)
at org.openqa.selenium.remote.codec.w3c.W3CHttpResponseCodec.decode(W3CHttpResponseCodec.java:133)
at org.openqa.selenium.remote.codec.w3c.W3CHttpResponseCodec.decode(W3CHttpResponseCodec.java:53)
at org.openqa.selenium.remote.HttpCommandExecutor.execute(HttpCommandExecutor.java:184)
at org.openqa.selenium.remote.service.DriverCommandExecutor.invokeExecute(DriverCommandExecutor.java:167)
at org.openqa.selenium.remote.service.DriverCommandExecutor.execute(DriverCommandExecutor.java:142)
at org.openqa.selenium.remote.RemoteWebDriver.execute(RemoteWebDriver.java:567)
at org.openqa.selenium.remote.RemoteWebElement.execute(RemoteWebElement.java:251)
at org.openqa.selenium.remote.RemoteWebElement.click(RemoteWebElement.java:77)
at demo.Multi.Userslmc(Multi.java:62)
at java.base/java.util.ArrayList.forEach(ArrayList.java:1511)
at java.base/java.util.concurrent.FutureTask.run(FutureTask.java:264)
at java.base/java.util.concurrent.ThreadPoolExecutor.runWorker(ThreadPoolExecutor.java:1136)
at java.base/java.util.concurrent.ThreadPoolExecutor$Worker.run(ThreadPoolExecutor.java:635)
at java.base/java.lang.Thread.run(Thread.java:833)
... Removed 23 stack frames]]>
    </failure>
  </testcase> <!-- Userslmc -->
</testsuite> <!-- FirefoxTest -->
